45), ('Search39500', 0.45110249519348145), ('Update', 0.23961567878723145), ('Search40000', 0.4557623863220215), ('Update', 0.23961567878723145), ('Search40
500', 0.46753382682800293), ('Update', 0.23961567878723145), ('Search41000', 0.5604526996612549), ('Update', 0.23961567878723145), ('Search41500', 0.5294628
143310547), ('Update', 0.23961567878723145), ('Search42000', 0.5332334041595459), ('Update', 0.23961567878723145), ('Search42500', 0.5266454219818115), ('Up
date', 0.23961567878723145), ('Search43000', 0.5356462001800537), ('Update', 0.23961567878723145), ('Search43500', 0.5219988822937012), ('Update', 0.2396156
7878723145), ('Search44000', 0.5354931354522705), ('Update', 0.23961567878723145), ('Search44500', 0.5171537399291992), ('Update', 0.23961567878723145), ('S
earch45000', 0.471390962600708), ('Update', 0.23961567878723145), ('Search45500', 0.4719235897064209), ('Update', 0.23961567878723145), ('Search46000', 0.46
801114082336426), ('Update', 0.23961567878723145), ('Search46500', 0.46965670585632324), ('Update', 0.23961567878723145), ('Search47000', 0.4743947982788086
), ('Update', 0.23961567878723145), ('Search47500', 0.46904730796813965), ('Update', 0.23961567878723145), ('Search48000', 0.42404651641845703), ('Update',
0.23961567878723145), ('Search48500', 0.4310016632080078), ('Update', 0.23961567878723145), ('Search49000', 0.42636537551879883), ('Update', 0.2396156787872
3145), ('Search49500', 0.41518425941467285), ('Total', 86.25862050056458)]
Speedups with 2 threads: [('Indexing', 1.753993789457804), ('Update', 2.3172600373524532), ('Search0', 1.6034149935127755), ('Update', 2.3172600373524532),
('Search500', 1.70815432693824), ('Update', 2.3172600373524532), ('Search1000', 1.6545679804818079), ('Update', 2.3172600373524532), ('Search1500', 1.629310
2284478453), ('Update', 2.3172600373524532), ('Search2000', 1.5499774103891497), ('Update', 2.3172600373524532), ('Search2500', 1.5654685279242353), ('Updat
e', 2.3172600373524532), ('Search3000', 1.604870872918701), ('Update', 2.3172600373524532), ('Search3500', 1.6206858073732615), ('Update', 2.317260037352453
2), ('Search4000', 1.622954848883462), ('Update', 2.3172600373524532), ('Search4500', 1.6438315478197711), ('Update', 2.3172600373524532), ('Search5000', 1.
6285500534193575), ('Update', 2.3172600373524532), ('Search5500', 1.688899599218585), ('Update', 2.3172600373524532), ('Search6000', 1.6852085096653204), ('
Update', 2.3172600373524532), ('Search6500', 1.6292811531106608), ('Update', 2.3172600373524532), ('Search7000', 1.6241211476061612), ('Update', 2.317260037
3524532), ('Search7500', 1.6333636248634944), ('Update', 2.3172600373524532), ('Search8000', 1.6693512330044724), ('Update', 2.3172600373524532), ('Search85
00', 2.2993724095550645), ('Update', 2.3172600373524532), ('Search9000', 2.5621619956132045), ('Update', 2.3172600373524532), ('Search9500', 2.4464886357322
198), ('Update', 2.3172600373524532), ('Search10000', 1.8417664599206678), ('Update', 2.3172600373524532), ('Search10500', 1.9740408869653594), ('Update', 2
.3172600373524532), ('Search11000', 1.96801805806957), ('Update', 2.3172600373524532), ('Search11500', 2.337938534321706), ('Update', 2.3172600373524532), (
'Search12000', 2.121623249183054), ('Update', 2.3172600373524532), ('Search12500', 1.8982625482625484), ('Update', 2.3172600373524532), ('Search13000', 1.97
43275235970699), ('Update', 2.3172600373524532), ('Search13500', 1.9769462997075693), ('Update', 2.3172600373524532), ('Search14000', 1.8509695761868212), (
'Update', 2.3172600373524532), ('Search14500', 1.4888576401650817), ('Update', 2.3172600373524532), ('Search15000', 1.8251777961049431), ('Update', 2.317260
0373524532), ('Search15500', 1.847030396404097), ('Update', 2.3172600373524532), ('Search16000', 1.9219893079277768), ('Update', 2.3172600373524532), ('Sear
ch16500', 1.8623056606237598), ('Update', 2.3172600373524532), ('Search17000', 1.9755832849903763), ('Update', 2.3172600373524532), ('Search17500', 1.960409
6325080451), ('Update', 2.3172600373524532), ('Search18000', 1.8725023260610236), ('Update', 2.3172600373524532), ('Search18500', 1.8619860763080651), ('Upd
ate', 2.3172600373524532), ('Search19000', 1.8415713701980936), ('Update', 2.3172600373524532), ('Search19500', 1.8363525478437022), ('Update', 2.3172600373
524532), ('Search20000', 1.804603477411775), ('Update', 2.3172600373524532), ('Search20500', 1.7987176558450115), ('Update', 2.3172600373524532), ('Search21
000', 2.007270417311298), ('Update', 2.3172600373524532), ('Search21500', 2.039777630396317), ('Update', 2.3172600373524532), ('Search22000', 2.301524968469
9652), ('Update', 2.3172600373524532), ('Search22500', 2.253839545202355), ('Update', 2.3172600373524532), ('Search23000', 2.253720804529032), ('Update', 2.
3172600373524532), ('Search23500', 2.5065813966240222), ('Update', 2.3172600373524532), ('Search24000', 2.464796662776666), ('Update', 2.3172600373524532),
('Search24500', 2.3891118865828025), ('Update', 2.3172600373524532), ('Search25000', 1.9741070023381022), ('Update', 2.3172600373524532), ('Search25500', 2.
01218217597453), ('Update', 2.3172600373524532), ('Search26000', 1.7507582678918132), ('Update', 2.3172600373524532), ('Search26500', 1.790993489217192), ('
Update', 2.3172600373524532), ('Search27000', 1.7775210874820813), ('Update', 2.3172600373524532), ('Search27500', 1.7812661375367709), ('Update', 2.3172600
373524532), ('Search28000', 1.4894360349868936), ('Update', 2.3172600373524532), ('Search28500', 1.3159365587454015), ('Update', 2.3172600373524532), ('Sear
ch29000', 1.6734944890965124), ('Update', 2.3172600373524532), ('Search29500', 1.5580727039100517), ('Update', 2.3172600373524532), ('Search30000', 1.553012
828901211), ('Update', 2.3172600373524532), ('Search30500', 1.5665294419972882), ('Update', 2.3172600373524532), ('Search31000', 1.6826711490620587), ('Upda
te', 2.3172600373524532), ('Search31500', 1.712592431491953), ('Update', 2.3172600373524532), ('Search32000', 1.8268038717162622), ('Update', 2.317260037352
4532), ('Search32500', 1.6287022440221737), ('Update', 2.3172600373524532), ('Search33000', 1.709076081169177), ('Update', 2.3172600373524532), ('Search3350
0', 1.5936161840379377), ('Update', 2.3172600373524532), ('Search34000', 1.6545898430766472), ('Update', 2.3172600373524532), ('Search34500', 1.617384003649
8282), ('Update', 2.3172600373524532), ('Search35000', 1.5176198889662784), ('Update', 2.3172600373524532), ('Search35500', 1.5510216990248615), ('Update',
2.3172600373524532), ('Search36000', 1.570438135955187), ('Update', 2.3172600373524532), ('Search36500', 1.6108199856637933), ('Update', 2.3172600373524532)
, ('Search37000', 1.709399383206408), ('Update', 2.3172600373524532), ('Search37500', 1.762411255467442), ('Update', 2.3172600373524532), ('Search38000', 1.
7447454883815434), ('Update', 2.3172600373524532), ('Search38500', 1.7657993292939074), ('Update', 2.3172600373524532), ('Search39000', 1.7485229942047007),
 ('Update', 2.3172600373524532), ('Search39500', 1.5630928389729506), ('Update', 2.3172600373524532), ('Search40000', 1.5800447372523418), ('Update', 2.3172
600373524532), ('Search40500', 1.5482766516112616), ('Update', 2.3172600373524532), ('Search41000', 1.2846707099857957), ('Update', 2.3172600373524532), ('S
earch41500', 1.3249078680504771), ('Update', 2.3172600373524532), ('Search42000', 1.3132320728910645), ('Update', 2.3172600373524532), ('Search42500', 1.328
0625611443828), ('Update', 2.3172600373524532), ('Search43000', 1.3732331017157446), ('Update', 2.3172600373524532), ('Search43500', 1.3822232534431462), ('
Update', 2.3172600373524532), ('Search44000', 1.3192036049529368), ('Update', 2.3172600373524532), ('Search44500', 1.3644880365128393), ('Update', 2.3172600
373524532), ('Search45000', 1.5047176324389009), ('Update', 2.3172600373524532), ('Search45500', 1.4851007203730844), ('Update', 2.3172600373524532), ('Sear
ch46000', 1.5238517336642585), ('Update', 2.3172600373524532), ('Search46500', 1.4935597697934344), ('Update', 2.3172600373524532), ('Search47000', 1.518669
1232492828), ('Update', 2.3172600373524532), ('Search47500', 1.5445774901681317), ('Update', 2.3172600373524532), ('Search48000', 1.6870930742502446), ('Upd
ate', 2.3172600373524532), ('Search48500', 1.6714610189893304), ('Update', 2.3172600373524532), ('Search49000', 1.7081864065769505), ('Update', 2.3172600373
524532), ('Search49500', 1.7611991209417202), ('Total', 1.7819429626694243)]
L2: Using AVX2 distance computation DistanceL2Float
Starting consolidate_deletes... Starting consolidate_deletes...
 done in 0.308838 seconds.
Times with 4 threads: [('Indexing', 8.0617516040802), ('Update', 0.14527273178100586), ('Search0', 0.26414990425109863), ('Update', 0.14527273178100586), ('
Search500', 0.2508423328399658), ('Update', 0.14527273178100586), ('Search1000', 0.25501227378845215), ('Update', 0.14527273178100586), ('Search1500', 0.257
92860984802246), ('Update', 0.14527273178100586), ('Search2000', 0.2602262496948242), ('Update', 0.14527273178100586), ('Search2500', 0.2560908794403076), (
'Update', 0.14527273178100586), ('Search3000', 0.25160861015319824), ('Update', 0.14527273178100586), ('Search3500', 0.25028347969055176), ('Update', 0.1452
7273178100586), ('Search4000', 0.2520253658294678), ('Update', 0.14527273178100586), ('Search4500', 0.25482702255249023), ('Update', 0.14527273178100586), (
'Search5000', 0.2609269618988037), ('Update', 0.14527273178100586), ('Search5500', 0.26015615463256836), ('Update', 0.14527273178100586), ('Search6000', 0.2
7677035331726074), ('Update', 0.14527273178100586), ('Search6500', 0.27925801277160645), ('Update', 0.14527273178100586), ('Search7000', 0.2755599021911621)
, ('Update', 0.14527273178100586), ('Search7500', 0.2721583843231201), ('Update', 0.14527273178100586), ('Search8000', 0.26053905487060547), ('Update', 0.14
527273178100586), ('Search8500', 0.2753744125366211), ('Update', 0.14527273178100586), ('Search9000', 0.26775455474853516), ('Update', 0.14527273178100586),
 ('Search9500', 0.27314257621765137), ('Update', 0.14527273178100586), ('Search10000', 0.27980685234069824), ('Update', 0.14527273178100586), ('Search10500'
, 0.2486426830291748), ('Update', 0.14527273178100586), ('Search11000', 0.2583324909210205), ('Update', 0.14527273178100586), ('Search11500', 0.248652219772
33887), ('Update', 0.14527273178100586), ('Search12000', 0.25819993019104004), ('Update', 0.14527273178100586), ('Search12500', 0.2686953544616699), ('Updat
e', 0.14527273178100586), ('Search13000', 0.2647981643676758), ('Update', 0.14527273178100586), ('Search13500', 0.2659947872161865), ('Update', 0.1452727317
8100586), ('Search14000', 0.26372551918029785), ('Update', 0.14527273178100586), ('Search14500', 0.26584744453430176), ('Update', 0.14527273178100586), ('Se
arch15000', 0.2660665512084961), ('Update', 0.14527273178100586), ('Search15500', 0.2725512981414795), ('Update', 0.14527273178100586), ('Search16000', 0.27
727198600769043), ('Update', 0.14527273178100586), ('Search16500', 0.2767653465270996), ('Update', 0.14527273178100586), ('Search17000', 0.2958564758300781)
, ('Update', 0.14527273178100586), ('Search17500', 0.2929656505584717), ('Update', 0.14527273178100586), ('Search18000', 0.27094054222106934), ('Update', 0.
14527273178100586), ('Search18500', 0.27527403831481934), ('Update', 0.14527273178100586), ('Search19000', 0.2768404483795166), ('Update', 0.145272731781005
86), ('Search19500', 0.26610755920410156), ('Update', 0.14527273178100586), ('Search20000', 0.264629602432251), ('Update', 0.14527273178100586), ('Search205
00', 0.2633941173553467), ('Update', 0.14527273178100586), ('Search21000', 0.25423145294189453), ('Update', 0.14527273178100586), ('Search21500', 0.26067328
453063965), ('Update', 0.14527273178100586), ('Search22000', 0.3211789131164551), ('Update', 0.14527273178100586), ('Search22500', 0.3168928623199463), ('Up
date', 0.14527273178100586), ('Search23000', 0.30058836936950684), ('Update', 0.14527273178100586), ('Search23500', 0.30153727531433105), ('Update', 0.14527
273178100586), ('Search24000', 0.3160221576690674), ('Update', 0.14527273178100586), ('Search24500', 0.3167719841003418), ('Update', 0.14527273178100586), (
'Search25000', 0.3003976345062256), ('Update', 0.14527273178100586), ('Search25500', 0.29501843452453613), ('Update', 0.14527273178100586), ('Search26000',
0.2998189926147461), ('Update', 0.14527273178100586), ('Search26500', 0.29476237297058105), ('Update', 0.14527273178100586), ('Search27000', 0.2989909648895
2637), ('Update', 0.14527273178100586), ('Search27500', 0.2894890308380127), ('Update', 0.14527273178100586), ('Search28000', 0.3028242588043213), ('Update'
, 0.14527273178100586), ('Search28500', 0.28493571281433105), ('Update', 0.14527273178100586), ('Search29000', 0.2884032726287842), ('Update', 0.14527273178
100586), ('Search29500', 0.2941269874572754), ('Update', 0.14527273178100586), ('Search30000', 0.28872203826904297), ('Update', 0.14527273178100586), ('Sear
ch30500', 0.2935054302215576), ('Update', 0.14527273178100586), ('Search31000', 0.287139892578125), ('Update', 0.14527273178100586), ('Search31500', 0.28726
41086578369), ('Update', 0.14527273178100586), ('Search32000', 0.2987337112426758), ('Update', 0.14527273178100586), ('Search32500', 0.293809175491333), ('U
pdate', 0.14527273178100586), ('Search33000', 0.2933659553527832), ('Update', 0.14527273178100586), ('Search33500', 0.2988297939300537), ('Update', 0.145272
73178100586), ('Search34000', 0.29508256912231445), ('Update', 0.14527273178100586), ('Search34500', 0.30318689346313477), ('Update', 0.14527273178100586),
('Search35000', 0.2972989082336426), ('Update', 0.14527273178100586), ('Search35500', 0.3016955852508545), ('Update', 0.14527273178100586), ('Search36000',
0.3018512725830078), ('Update', 0.14527273178100586), ('Search36500', 0.29590654373168945), ('Update', 0.14527273178100586), ('Search37000', 0.2919847965240
4785), ('Update', 0.14527273178100586), ('Search37500', 0.29916977882385254), ('Update', 0.14527273178100586), ('Search38000', 0.30146098136901855), ('Updat
e', 0.14527273178100586), ('Search38500', 0.29789209365844727), ('Update', 0.14527273178100586), ('Search39000', 0.3029177188873291), ('Update', 0.145272731
78100586), ('Search39500', 0.3023681640625), ('Update', 0.14527273178100586), ('Search40000', 0.29615354537963867), ('Update', 0.14527273178100586), ('Searc
h40500', 0.30263447761535645), ('Update', 0.14527273178100586), ('Search41000', 0.3047153949737549), ('Update', 0.14527273178100586), ('Search41500', 0.2941
9946670532227), ('Update', 0.14527273178100586), ('Search42000', 0.2975139617919922), ('Update', 0.14527273178100586), ('Search42500', 0.2954080104827881),
('Update', 0.14527273178100586), ('Search43000', 0.304241418838501), ('Update', 0.14527273178100586), ('Search43500', 0.30590295791625977), ('Update', 0.145
27273178100586), ('Search44000', 0.2995131015777588), ('Update', 0.14527273178100586), ('Search44500', 0.3023712635040283), ('Update', 0.14527273178100586),
 ('Search45000', 0.3024907112121582), ('Update', 0.14527273178100586), ('Search45500', 0.3010694980621338), ('Update', 0.14527273178100586), ('Search46000',
 0.2965126037597656), ('Update', 0.14527273178100586), ('Search46500', 0.29785966873168945), ('Update', 0.14527273178100586), ('Search47000', 0.318497419357
2998), ('Update', 0.14527273178100586), ('Search47500', 0.3110795021057129), ('Update', 0.14527273178100586), ('Search48000', 0.2788665294647217), ('Update'
, 0.14527273178100586), ('Search48500', 0.29057860374450684), ('Update', 0.14527273178100586), ('Search49000', 0.2807626724243164), ('Update', 0.14527273178
100586), ('Search49500', 0.2821166515350342), ('Total', 51.01296615600586)]
Speedups with 4 threads: [('Indexing', 3.179843770392226), ('Update', 3.8221339267837156), ('Search0', 2.245383035855315), ('Update', 3.8221339267837156), (
'Search500', 2.367974230806884), ('Update', 3.8221339267837156), ('Search1000', 2.274921723000863), ('Update', 3.8221339267837156), ('Search1500', 2.2312024
706261884), ('Update', 3.8221339267837156), ('Search2000', 2.1939717884537155), ('Update', 3.8221339267837156), ('Search2500', 2.306208879243811), ('Update'
, 3.8221339267837156), ('Search3000', 2.3549434628071215), ('Update', 3.8221339267837156), ('Search3500', 2.4488918948526575), ('Update', 3.8221339267837156
), ('Search4000', 2.342521930882599), ('Update', 3.8221339267837156), ('Search4500', 2.3716334431738866), ('Update', 3.8221339267837156), ('Search5000', 2.2
953599529242776), ('Update', 3.8221339267837156), ('Search5500', 2.350745160716806), ('Update', 3.8221339267837156), ('Search6000', 2.234839028684793), ('Up
date', 3.8221339267837156), ('Search6500', 2.16113133093086), ('Update', 3.8221339267837156), ('Search7000', 2.191318951151688), ('Update', 3.82213392678371
56), ('Search7500', 2.216978313907395), ('Update', 3.8221339267837156), ('Search8000', 2.384835923058621), ('Update', 3.8221339267837156), ('Search8500', 3.
0452344753784404), ('Update', 3.8221339267837156), ('Search9000', 3.554163505615096), ('Update', 3.8221339267837156), ('Search9500', 3.3051683639667853), ('
Update', 3.8221339267837156), ('Search10000', 2.4988432977304775), ('Update', 3.8221339267837156), ('Search10500', 2.8830779675188873), ('Update', 3.8221339
267837156), ('Search11000', 2.7985842504787612), ('Update', 3.8221339267837156), ('Search11500', 3.4713866699650886), ('Update', 3.8221339267837156), ('Sear
ch12000', 3.6924020909185766), ('Update', 3.8221339267837156), ('Search12500', 3.3416791630804177), ('Update', 3.8221339267837156), ('Search13000', 3.381141
0316897224), ('Update', 3.8221339267837156), ('Search13500', 3.3697039338940162), ('Update', 3.8221339267837156), ('Search14000', 3.5231683007200685), ('Upd
ate', 3.8221339267837156), ('Search14500', 2.859082817285401), ('Update', 3.8221339267837156), ('Search15000', 3.5378712933392116), ('Update', 3.82213392678
37156), ('Search15500', 3.406222034827929), ('Update', 3.8221339267837156), ('Search16000', 3.302527251511871), ('Update', 3.8221339267837156), ('Search1650
0', 3.390546312233059), ('Update', 3.8221339267837156), ('Search17000', 3.315177869180087), ('Update', 3.8221339267837156), ('Search17500', 3.34447060393705
35), ('Update', 3.8221339267837156), ('Search18000', 3.5153444144571444), ('Update', 3.8221339267837156), ('Search18500', 3.477254558572229), ('Update', 3.8
221339267837156), ('Search19000', 3.400091977543011), ('Update', 3.8221339267837156), ('Search19500', 3.531362665481626), ('Update', 3.8221339267837156), ('
Search20000', 3.523263932997999), ('Update', 3.8221339267837156), ('Search20500', 3.706180103280818), ('Update', 3.8221339267837156), ('Search21000', 3.6745
22940494634), ('Update', 3.8221339267837156), ('Search21500', 3.6428458406922624), ('Update', 3.8221339267837156), ('Search22000', 3.038460510629327), ('Upd
ate', 3.8221339267837156), ('Search22500', 3.310000037618168), ('Update', 3.8221339267837156), ('Search23000', 3.1417796739900328), ('Update', 3.82213392678
37156), ('Search23500', 3.4337045034588165), ('Update', 3.8221339267837156), ('Search24000', 3.1836712830622265), ('Update', 3.8221339267837156), ('Search24
500', 3.223651589070913), ('Update', 3.8221339267837156), ('Search25000', 3.325121690467706), ('Update', 3.8221339267837156), ('Search25500', 3.330190714863
5403), ('Update', 3.8221339267837156), ('Search26000', 3.239710003403492), ('Update', 3.8221339267837156), ('Search26500', 3.3486160170117354), ('Update', 3
.8221339267837156), ('Search27000', 3.2609797465669477), ('Update', 3.8221339267837156), ('Search27500', 3.303918201621637), ('Update', 3.8221339267837156),
 ('Search28000', 2.789289659304469), ('Update', 3.8221339267837156), ('Search28500', 2.4767397396216406), ('Update', 3.8221339267837156), ('Search29000', 2.
484659624966209), ('Update', 3.8221339267837156), ('Search29500', 2.4316852806855707), ('Update', 3.8221339267837156), ('Search30000', 2.440233098924184), (
'Update', 3.8221339267837156), ('Search30500', 2.4907855157909786), ('Update', 3.8221339267837156), ('Search31000', 2.597493091720693), ('Update', 3.8221339
267837156), ('Search31500', 2.5227198219231406), ('Update', 3.8221339267837156), ('Search32000', 2.5409352104582674), ('Update', 3.8221339267837156), ('Sear
ch32500', 2.558698395309679), ('Update', 3.8221339267837156), ('Search33000', 2.673920287110737), ('Update', 3.8221339267837156), ('Search33500', 2.52027193
6032322), ('Update', 3.8221339267837156), ('Search34000', 2.7143906352763993), ('Update', 3.8221339267837156), ('Search34500', 2.5480420050044903), ('Update
', 3.8221339267837156), ('Search35000', 2.4515638808560327), ('Update', 3.8221339267837156), ('Search35500', 2.4416521851141493), ('Update', 3.8221339267837
156), ('Search36000', 2.4278594311784), ('Update', 3.8221339267837156), ('Search36500', 2.4606380355839312), ('Update', 3.8221339267837156), ('Search37000',
 2.4616856907925624), ('Update', 3.8221339267837156), ('Search37500', 2.380718499787617), ('Update', 3.8221339267837156), ('Search38000', 2.3905248181180445
), ('Update', 3.8221339267837156), ('Search38500', 2.3818936331986076), ('Update', 3.8221339267837156), ('Search39000', 2.3440779391891096), ('Update', 3.82
21339267837156), ('Search39500', 2.331975266199031), ('Update', 3.8221339267837156), ('Search40000', 2.431593243371616), ('Update', 3.8221339267837156), ('S
earch40500', 2.391900994295465), ('Update', 3.8221339267837156), ('Search41000', 2.362851301455555), ('Update', 3.8221339267837156), ('Search41500', 2.38440
08162325907), ('Update', 3.8221339267837156), ('Search42000', 2.353702005987832), ('Update', 3.8221339267837156), ('Search42500', 2.3676340624245884), ('Upd
ate', 3.8221339267837156), ('Search43000', 2.4177085937334697), ('Update', 3.8221339267837156), ('Search43500', 2.3586532091500723), ('Update', 3.8221339267
837156), ('Search44000', 2.3585762058318056), ('Update', 3.8221339267837156), ('Search44500', 2.333720747778215), ('Update', 3.8221339267837156), ('Search45
000', 2.344899419738354), ('Update', 3.8221339267837156), ('Search45500', 2.327881328215512), ('Update', 3.8221339267837156), ('Search46000', 2.405225205521
7487), ('Update', 3.8221339267837156), ('Search46500', 2.3550028255506623), ('Update', 3.8221339267837156), ('Search47000', 2.262023767193787), ('Update', 3
.8221339267837156), ('Search47500', 2.3289220562830617), ('Update', 3.8221339267837156), ('Search48000', 2.5654062622098386), ('Update', 3.8221339267837156)
, ('Search48500', 2.4792000164099197), ('Update', 3.8221339267837156), ('Search49000', 2.594046895221144), ('Update', 3.8221339267837156), ('Search49500', 2
.5919141912796855), ('Total', 3.0131151617510334)]
L2: Using AVX2 distance computation DistanceL2Float
Starting consolidate_deletes... Starting consolidate_deletes...
 done in 0.341615 seconds.
Times with 8 threads: [('Indexing', 4.461076498031616), ('Update', 0.07658934593200684), ('Search0', 0.17942428588867188), ('Update', 0.07658934593200684),
('Search500', 0.16342687606811523), ('Update', 0.07658934593200684), ('Search1000', 0.16142654418945312), ('Update', 0.07658934593200684), ('Search1500', 0.
16120314598083496), ('Update', 0.07658934593200684), ('Search2000', 0.16339826583862305), ('Update', 0.07658934593200684), ('Search2500', 0.1602058410644531
2), ('Update', 0.07658934593200684), ('Search3000', 0.1635599136352539), ('Update', 0.07658934593200684), ('Search3500', 0.16471457481384277), ('Update', 0.
07658934593200684), ('Search4000', 0.16570234298706055), ('Update', 0.07658934593200684), ('Search4500', 0.16728854179382324), ('Update', 0.0765893459320068
4), ('Search5000', 0.16486763954162598), ('Update', 0.07658934593200684), ('Search5500', 0.16567325592041016), ('Update', 0.07658934593200684), ('Search6000
', 0.1654949188232422), ('Update', 0.07658934593200684), ('Search6500', 0.1641840934753418), ('Update', 0.07658934593200684), ('Search7000', 0.1666328907012
9395), ('Update', 0.07658934593200684), ('Search7500', 0.1679215431213379), ('Update', 0.07658934593200684), ('Search8000', 0.16690826416015625), ('Update',
 0.07658934593200684), ('Search8500', 0.17365479469299316), ('Update', 0.07658934593200684), ('Search9000', 0.1724109649658203), ('Update', 0.07658934593200
684), ('Search9500', 0.1721327304840088), ('Update', 0.07658934593200684), ('Search10000', 0.16787242889404297), ('Update', 0.07658934593200684), ('Search10
500', 0.168426513671875), ('Update', 0.07658934593200684), ('Search11000', 0.16886496543884277), ('Update', 0.07658934593200684), ('Search11500', 0.18685173
988342285), ('Update', 0.07658934593200684), ('Search12000', 0.18925070762634277), ('Update', 0.07658934593200684), ('Search12500', 0.1887354850769043), ('U
pdate', 0.07658934593200684), ('Search13000', 0.1693110466003418), ('Update', 0.07658934593200684), ('Search13500', 0.17027807235717773), ('Update', 0.07658
934593200684), ('Search14000', 0.17112231254577637), ('Update', 0.07658934593200684), ('Search14500', 0.16897130012512207), ('Update', 0.07658934593200684),
 ('Search15000', 0.17099881172180176), ('Update', 0.07658934593200684), ('Search15500', 0.17114520072937012), ('Update', 0.07658934593200684), ('Search16000
', 0.17349576950073242), ('Update', 0.07658934593200684), ('Search16500', 0.17484498023986816), ('Update', 0.07658934593200684), ('Search17000', 0.176451921
4630127), ('Update', 0.07658934593200684), ('Search17500', 0.1785268783569336), ('Update', 0.07658934593200684), ('Search18000', 0.17989563941955566), ('Upd
ate', 0.07658934593200684), ('Search18500', 0.17667603492736816), ('Update', 0.07658934593200684), ('Search19000', 0.1768941879272461), ('Update', 0.0765893
4593200684), ('Search19500', 0.1765122413635254), ('Update', 0.07658934593200684), ('Search20000', 0.175581693649292), ('Update', 0.07658934593200684), ('Se
arch20500', 0.17371654510498047), ('Update', 0.07658934593200684), ('Search21000', 0.1789383888244629), ('Update', 0.07658934593200684), ('Search21500', 0.2
0197582244873047), ('Update', 0.07658934593200684), ('Search22000', 0.20235276222229004), ('Update', 0.07658934593200684), ('Search22500', 0.195096731185913
09), ('Update', 0.07658934593200684), ('Search23000', 0.1861710548400879), ('Update', 0.07658934593200684), ('Search23500', 0.1839597225189209), ('Update',
0.07658934593200684), ('Search24000', 0.18317341804504395), ('Update', 0.07658934593200684), ('Search24500', 0.18364977836608887), ('Update', 0.076589345932
00684), ('Search25000', 0.18291950225830078), ('Update', 0.07658934593200684), ('Search25500', 0.18843317031860352), ('Update', 0.07658934593200684), ('Sear
ch26000', 0.19259238243103027), ('Update', 0.07658934593200684), ('Search26500', 0.1791064739227295), ('Update', 0.07658934593200684), ('Search27000', 0.181
90741539001465), ('Update', 0.07658934593200684), ('Search27500', 0.17687034606933594), ('Update', 0.07658934593200684), ('Search28000', 0.17911744117736816
), ('Update', 0.07658934593200684), ('Search28500', 0.17891693115234375), ('Update', 0.07658934593200684), ('Search29000', 0.18291330337524414), ('Update',
0.07658934593200684), ('Search29500', 0.17777347564697266), ('Update', 0.07658934593200684), ('Search30000', 0.1803455352783203), ('Update', 0.0765893459320
0684), ('Search30500', 0.17969083786010742), ('Update', 0.07658934593200684), ('Search31000', 0.18253254890441895), ('Update', 0.07658934593200684), ('Searc
h31500', 0.18033099174499512), ('Update', 0.07658934593200684), ('Search32000', 0.17999029159545898), ('Update', 0.07658934593200684), ('Search32500', 0.176
99790000915527), ('Update', 0.07658934593200684), ('Search33000', 0.1797633171081543), ('Update', 0.07658934593200684), ('Search33500', 0.18081116676330566)
, ('Update', 0.07658934593200684), ('Search34000', 0.18166685104370117), ('Update', 0.07658934593200684), ('Search34500', 0.18184590339660645), ('Update', 0
.07658934593200684), ('Search35000', 0.17996907234191895), ('Update', 0.07658934593200684), ('Search35500', 0.18412351608276367), ('Update', 0.0765893459320
0684), ('Search36000', 0.18343448638916016), ('Update', 0.07658934593200684), ('Search36500', 0.18235516548156738), ('Update', 0.07658934593200684), ('Searc
h37000', 0.1858048439025879), ('Update', 0.07658934593200684), ('Search37500', 0.18415069580078125), ('Update', 0.07658934593200684), ('Search38000', 0.1869
0705299377441), ('Update', 0.07658934593200684), ('Search38500', 0.18713903427124023), ('Update', 0.07658934593200684), ('Search39000', 0.18897485733032227)
, ('Update', 0.07658934593200684), ('Search39500', 0.18683719635009766), ('Update', 0.07658934593200684), ('Search40000', 0.18452882766723633), ('Update', 0
.07658934593200684), ('Search40500', 0.18671941757202148), ('Update', 0.07658934593200684), ('Search41000', 0.1887507438659668), ('Update', 0.07658934593200
684), ('Search41500', 0.18674659729003906), ('Update', 0.07658934593200684), ('Search42000', 0.18846416473388672), ('Update', 0.07658934593200684), ('Search
42500', 0.1843411922454834), ('Update', 0.07658934593200684), ('Search43000', 0.19047045707702637), ('Update', 0.07658934593200684), ('Search43500', 0.19623
804092407227), ('Update', 0.07658934593200684), ('Search44000', 0.19176602363586426), ('Update', 0.07658934593200684), ('Search44500', 0.1909327507019043),
('Update', 0.07658934593200684), ('Search45000', 0.19256329536437988), ('Update', 0.07658934593200684), ('Search45500', 0.1885819435119629), ('Update', 0.07
658934593200684), ('Search46000', 0.18844866752624512), ('Update', 0.07658934593200684), ('Search46500', 0.18825840950012207), ('Update', 0.0765893459320068
4), ('Search47000', 0.18817687034606934), ('Update', 0.07658934593200684), ('Search47500', 0.18172168731689453), ('Update', 0.07658934593200684), ('Search48
000', 0.1815931797027588), ('Update', 0.07658934593200684), ('Search48500', 0.19917774200439453), ('Update', 0.07658934593200684), ('Search49000', 0.1853933
334350586), ('Update', 0.07658934593200684), ('Search49500', 0.18561482429504395), ('Total', 30.42942786216736)]
Speedups with 8 threads: [('Indexing', 5.746395657638929), ('Update', 7.249726838895651), ('Search0', 3.3056713085999787), ('Update', 7.249726838895651), ('
Search500', 3.6345807645062744), ('Update', 7.249726838895651), ('Search1000', 3.593789139116667), ('Update', 7.249726838895651), ('Search1500', 3.569973452
0472983), ('Update', 7.249726838895651), ('Search2000', 3.494094919033125), ('Update', 7.249726838895651), ('Search2500', 3.6865014167678645), ('Update', 7.
249726838895651), ('Search3000', 3.6226728083729336), ('Update', 7.249726838895651), ('Search3500', 3.721086525114241), ('Update', 7.249726838895651), ('Sea
rch4000', 3.5628642054888733), ('Update', 7.249726838895651), ('Search4500', 3.6126580005387234), ('Update', 7.249726838895651), ('Search5000', 3.6327401826
451), ('Update', 7.249726838895651), ('Search5500', 3.6913671922220113), ('Update', 7.249726838895651), ('Search6000', 3.7374995678080376), ('Update', 7.249
726838895651), ('Search6500', 3.675832585480325), ('Update', 7.249726838895651), ('Search7000', 3.6237721935187555), ('Update', 7.249726838895651), ('Search
7500', 3.5931615728212134), ('Update', 7.249726838895651), ('Search8000', 3.722661070987795), ('Update', 7.249726838895651), ('Search8500', 4.82900374951432
), ('Update', 7.249726838895651), ('Search9000', 5.519622647771398), ('Update', 7.249726838895651), ('Search9500', 5.244686465081298), ('Update', 7.24972683
8895651), ('Search10000', 4.165028660375965), ('Update', 7.249726838895651), ('Search10500', 4.256195925439391), ('Update', 7.249726838895651), ('Search1100
0', 4.28132169748585), ('Update', 7.249726838895651), ('Search11500', 4.619534191725798), ('Update', 7.249726838895651), ('Search12000', 5.037645428490441),
 ('Update', 7.249726838895651), ('Search12500', 4.757418388254882), ('Update', 7.249726838895651), ('Search13000', 5.288018452647498), ('Update', 7.24972683
8895651), ('Search13500', 5.263882004710179), ('Update', 7.249726838895651), ('Search14000', 5.4297383867952), ('Update', 7.249726838895651), ('Search14500'
, 4.498277873960975), ('Update', 7.249726838895651), ('Search15000', 5.504770496123231), ('Update', 7.249726838895651), ('Search15500', 5.42445965994971), (
'Update', 7.249726838895651), ('Search16000', 5.27792863483827), ('Update', 7.249726838895651), ('Search16500', 5.366958340662682), ('Update', 7.24972683889
5651), ('Search17000', 5.558550074112308), ('Update', 7.249726838895651), ('Search17500', 5.488333271011063), ('Update', 7.249726838895651), ('Search18000',
 5.2944547450953365), ('Update', 7.249726838895651), ('Search18500', 5.417814051465994), ('Update', 7.249726838895651), ('Search19000', 5.32116401688528), (
'Update', 7.249726838895651), ('Search19500', 5.323836422429513), ('Update', 7.249726838895651), ('Search20000', 5.310120403072607), ('Update', 7.2497268388
95651), ('Search20500', 5.619418901484999), ('Update', 7.249726838895651), ('Search21000', 5.220675743016194), ('Update', 7.249726838895651), ('Search21500'
, 4.70151614593908), ('Update', 7.249726838895651), ('Search22000', 4.822713728410364), ('Update', 7.249726838895651), ('Search22500', 5.376386266566458), (
'Update', 7.249726838895651), ('Search23000', 5.072659817790174), ('Update', 7.249726838895651), ('Search23500', 5.628351065277488), ('Update', 7.2497268388
95651), ('Search24000', 5.492667434610854), ('Update', 7.249726838895651), ('Search24500', 5.5603797565310416), ('Update', 7.249726838895651), ('Search25000
', 5.460646229243242), ('Update', 7.249726838895651), ('Search25500', 5.213878478539779), ('Update', 7.249726838895651), ('Search26000', 5.043432026353352),
 ('Update', 7.249726838895651), ('Search26500', 5.5109454266153906), ('Update', 7.249726838895651), ('Search27000', 5.359888593990629), ('Update', 7.2497268
38895651), ('Search27500', 5.407622585758808), ('Update', 7.249726838895651), ('Search28000', 4.715702547542637), ('Update', 7.249726838895651), ('Search285
00', 3.9443533857831223), ('Update', 7.249726838895651), ('Search29000', 3.9176153619553853), ('Update', 7.249726838895651), ('Search29500', 4.0232338567343
85), ('Update', 7.249726838895651), ('Search30000', 3.9066621365794845), ('Update', 7.249726838895651), ('Search30500', 4.068427100167446), ('Update', 7.249
726838895651), ('Search31000', 4.086087066694358), ('Update', 7.249726838895651), ('Search31500', 4.018648453189805), ('Update', 7.249726838895651), ('Searc
h32000', 4.217244156442815), ('Update', 7.249726838895651), ('Search32500', 4.24733324981849), ('Update', 7.249726838895651), ('Search33000', 4.363722210875
061), ('Update', 7.249726838895651), ('Search33500', 4.165297734504079), ('Update', 7.249726838895651), ('Search34000', 4.409001189029432), ('Update', 7.249
726838895651), ('Search34500', 4.248283439335953), ('Update', 7.249726838895651), ('Search35000', 4.049847319648404), ('Update', 7.249726838895651), ('Searc
h35500', 4.000769161044713), ('Update', 7.249726838895651), ('Search36000', 3.995172736489121), ('Update', 7.249726838895651), ('Search36500', 3.99286137336
194), ('Update', 7.249726838895651), ('Search37000', 3.8684394897102865), ('Update', 7.249726838895651), ('Search37500', 3.8676966379417492), ('Update', 7.2
49726838895651), ('Search38000', 3.855659516930397), ('Update', 7.249726838895651), ('Search38500', 3.791551474166728), ('Update', 7.249726838895651), ('Sea
rch39000', 3.7574455790809695), ('Update', 7.249726838895651), ('Search39500', 3.7739545104204417), ('Update', 7.249726838895651), ('Search40000', 3.9025065
571016966), ('Update', 7.249726838895651), ('Search40500', 3.87678859182949), ('Update', 7.249726838895651), ('Search41000', 3.814539497118778), ('Update',
7.249726838895651), ('Search41500', 3.756370711579119), ('Update', 7.249726838895651), ('Search42000', 3.715609329062489), ('Update', 7.249726838895651), ('
Search42500', 3.794149638571981), ('Update', 7.249726838895651), ('Search43000', 3.8618434805248776), ('Update', 7.249726838895651), ('Search43500', 3.67675
39564709226), ('Update', 7.249726838895651), ('Search44000', 3.68378329655301), ('Update', 7.249726838895651), ('Search44500', 3.6958043529837794), ('Update
', 7.249726838895651), ('Search45000', 3.683517629127774), ('Update', 7.249726838895651), ('Search45500', 3.7164431015082746), ('Update', 7.249726838895651)
, ('Search46000', 3.7844766836493924), ('Update', 7.249726838895651), ('Search46500', 3.7260506096024253), ('Update', 7.249726838895651), ('Search47000', 3.
828572188766596), ('Update', 7.249726838895651), ('Search47500', 3.9867553752578075), ('Update', 7.249726838895651), ('Search48000', 3.9396079862720357), ('
Update', 7.249726838895651), ('Search48500', 3.6168824484206596), ('Update', 7.249726838895651), ('Search49000', 3.928466710219703), ('Update', 7.2497268388
95651), ('Search49500', 3.9394598760476542), ('Total', 5.051292533884849)]
ubuntu@sylvia-medium:~/projects/ConcurrentANN/concurrent_experiments$ tmux capture-pane -S -200 ; save-buffer 'redcaps_100000_no_consolidate_graphic_corresp
onding_data.log' ;
-bash: save-buffer: command not found
ubuntu@sylvia-medium:~/projects/ConcurrentANN/concurrent_experiments$ tmux capture-pane -S -200 ; tmux save-buffer 'redcaps_100000_no_consolidate_graphic_co
rresponding_data.log' ;

